  utilisateurRegulier.cpp
  utilisateurPremium.cpp
  utilisateur.cpp
c:\users\utilisateur\onedrive\documents\aut.2018\inf1010\gitteam\jonathan\tp3\fichiers\utilisateur.cpp(39): warning C4267: 'return' : conversion de 'size_t' en 'unsigned int', perte possible de données
c:\users\utilisateur\onedrive\documents\aut.2018\inf1010\gitteam\jonathan\tp3\fichiers\utilisateur.cpp(56): error C3867: 'Depense::getType' : syntaxe non-standard ; utilisez '&' pour créer un pointeur vers un membre
c:\users\utilisateur\onedrive\documents\aut.2018\inf1010\gitteam\jonathan\tp3\fichiers\utilisateur.cpp(56): error C2678: '==' binaire : aucun opérateur trouvé qui accepte un opérande de partie gauche de type 'overloaded-function' (ou il n'existe pas de conversion acceptable)
  c:\program files (x86)\microsoft visual studio\2017\enterprise\vc\tools\msvc\14.12.25827\include\system_error(374): note: est peut-être 'bool std::operator ==(const std::error_condition &,const std::error_condition &) noexcept'
  c:\program files (x86)\microsoft visual studio\2017\enterprise\vc\tools\msvc\14.12.25827\include\system_error(368): note: ou       'bool std::operator ==(const std::error_condition &,const std::error_code &) noexcept'
  c:\program files (x86)\microsoft visual studio\2017\enterprise\vc\tools\msvc\14.12.25827\include\system_error(362): note: ou       'bool std::operator ==(const std::error_code &,const std::error_condition &) noexcept'
  c:\program files (x86)\microsoft visual studio\2017\enterprise\vc\tools\msvc\14.12.25827\include\system_error(356): note: ou       'bool std::operator ==(const std::error_code &,const std::error_code &) noexcept'
  c:\program files (x86)\microsoft visual studio\2017\enterprise\vc\tools\msvc\14.12.25827\include\exception(329): note: ou       'bool std::operator ==(const std::exception_ptr &,std::nullptr_t) noexcept'
  c:\program files (x86)\microsoft visual studio\2017\enterprise\vc\tools\msvc\14.12.25827\include\exception(324): note: ou       'bool std::operator ==(std::nullptr_t,const std::exception_ptr &) noexcept'
  c:\program files (x86)\microsoft visual studio\2017\enterprise\vc\tools\msvc\14.12.25827\include\exception(319): note: ou       'bool std::operator ==(const std::exception_ptr &,const std::exception_ptr &) noexcept'
  c:\users\utilisateur\onedrive\documents\aut.2018\inf1010\gitteam\jonathan\tp3\fichiers\utilisateur.cpp(56): note: lors de la tentative de mise en correspondance de la liste des arguments '(overloaded-function, TypeDepense)'
c:\users\utilisateur\onedrive\documents\aut.2018\inf1010\gitteam\jonathan\tp3\fichiers\utilisateur.cpp(57): error C2039: 'getMontantPeronnel' : n'est pas membre de 'Depense'
  c:\users\utilisateur\onedrive\documents\aut.2018\inf1010\gitteam\jonathan\tp3\fichiers\depense.h(19): note: voir la déclaration de 'Depense'
c:\users\utilisateur\onedrive\documents\aut.2018\inf1010\gitteam\jonathan\tp3\fichiers\utilisateur.cpp(64): error C2601: 'Utilisateur::operator =' : définitions de fonctions locales non conformes
  c:\users\utilisateur\onedrive\documents\aut.2018\inf1010\gitteam\jonathan\tp3\fichiers\utilisateur.cpp(52): note: cette ligne comporte un '{' qui n'est pas équilibré
c:\users\utilisateur\onedrive\documents\aut.2018\inf1010\gitteam\jonathan\tp3\fichiers\utilisateur.cpp(69): error C2601: 'Utilisateur::ajouterInteret' : définitions de fonctions locales non conformes
  c:\users\utilisateur\onedrive\documents\aut.2018\inf1010\gitteam\jonathan\tp3\fichiers\utilisateur.cpp(52): note: cette ligne comporte un '{' qui n'est pas équilibré
c:\users\utilisateur\onedrive\documents\aut.2018\inf1010\gitteam\jonathan\tp3\fichiers\utilisateur.cpp(73): error C2601: 'Utilisateur::operator +=' : définitions de fonctions locales non conformes
  c:\users\utilisateur\onedrive\documents\aut.2018\inf1010\gitteam\jonathan\tp3\fichiers\utilisateur.cpp(52): note: cette ligne comporte un '{' qui n'est pas équilibré
c:\users\utilisateur\onedrive\documents\aut.2018\inf1010\gitteam\jonathan\tp3\fichiers\utilisateur.cpp(80): error C2601: 'operator <<' : définitions de fonctions locales non conformes
  c:\users\utilisateur\onedrive\documents\aut.2018\inf1010\gitteam\jonathan\tp3\fichiers\utilisateur.cpp(52): note: cette ligne comporte un '{' qui n'est pas équilibré
c:\users\utilisateur\onedrive\documents\aut.2018\inf1010\gitteam\jonathan\tp3\fichiers\utilisateur.cpp(52): fatal error C1075: l'élément accolade '{' gauche n'a pas été équilibré en fin du fichier
  transfert.cpp
  main.cpp
c:\users\utilisateur\onedrive\documents\aut.2018\inf1010\gitteam\jonathan\tp3\fichiers\main.cpp(8): warning C4067: jetons inattendus après la directive du préprocesseur - saut de ligne attendu
  groupe.cpp
  depenseGroupe.cpp
  depense.cpp
  Génération de code en cours...
c:\users\utilisateur\onedrive\documents\aut.2018\inf1010\gitteam\jonathan\tp3\fichiers\groupe.cpp(124): error C4716: 'operator<<' : doit retourner une valeur
c:\users\utilisateur\onedrive\documents\aut.2018\inf1010\gitteam\jonathan\tp3\fichiers\groupe.cpp(59): error C4716: 'Groupe::ajouterDepense' : doit retourner une valeur
c:\users\utilisateur\onedrive\documents\aut.2018\inf1010\gitteam\jonathan\tp3\fichiers\groupe.cpp(64): error C4716: 'Groupe::operator+=' : doit retourner une valeur
