c:\users\utilisateur\onedrive\documents\aut.2018\inf1010\gitteam\jonathan\tp4\tp4\tp4\debug\vc141.pdb
c:\users\utilisateur\onedrive\documents\aut.2018\inf1010\gitteam\jonathan\tp4\tp4\tp4\debug\vc141.idb
c:\users\utilisateur\onedrive\documents\aut.2018\inf1010\gitteam\jonathan\tp4\tp4\tp4\debug\depense.obj
c:\users\utilisateur\onedrive\documents\aut.2018\inf1010\gitteam\jonathan\tp4\tp4\tp4\debug\groupe.obj
c:\users\utilisateur\onedrive\documents\aut.2018\inf1010\gitteam\jonathan\tp4\tp4\tp4\debug\main.obj
c:\users\utilisateur\onedrive\documents\aut.2018\inf1010\gitteam\jonathan\tp4\tp4\tp4\debug\transfert.obj
c:\users\utilisateur\onedrive\documents\aut.2018\inf1010\gitteam\jonathan\tp4\tp4\tp4\debug\transfertinterac.obj
c:\users\utilisateur\onedrive\documents\aut.2018\inf1010\gitteam\jonathan\tp4\tp4\tp4\debug\transfertpaypal.obj
c:\users\utilisateur\onedrive\documents\aut.2018\inf1010\gitteam\jonathan\tp4\tp4\tp4\debug\utilisateur.obj
c:\users\utilisateur\onedrive\documents\aut.2018\inf1010\gitteam\jonathan\tp4\tp4\tp4\debug\utilisateurpremium.obj
c:\users\utilisateur\onedrive\documents\aut.2018\inf1010\gitteam\jonathan\tp4\tp4\tp4\debug\utilisateurregulier.obj
c:\users\utilisateur\onedrive\documents\aut.2018\inf1010\gitteam\jonathan\tp4\tp4\debug\tp4.ilk
c:\users\utilisateur\onedrive\documents\aut.2018\inf1010\gitteam\jonathan\tp4\tp4\debug\tp4.exe
c:\users\utilisateur\onedrive\documents\aut.2018\inf1010\gitteam\jonathan\tp4\tp4\debug\tp4.pdb
c:\users\utilisateur\onedrive\documents\aut.2018\inf1010\gitteam\jonathan\tp4\tp4\tp4\debug\tp4.tlog\cl.command.1.tlog
c:\users\utilisateur\onedrive\documents\aut.2018\inf1010\gitteam\jonathan\tp4\tp4\tp4\debug\tp4.tlog\cl.read.1.tlog
c:\users\utilisateur\onedrive\documents\aut.2018\inf1010\gitteam\jonathan\tp4\tp4\tp4\debug\tp4.tlog\cl.write.1.tlog
c:\users\utilisateur\onedrive\documents\aut.2018\inf1010\gitteam\jonathan\tp4\tp4\tp4\debug\tp4.tlog\link.command.1.tlog
c:\users\utilisateur\onedrive\documents\aut.2018\inf1010\gitteam\jonathan\tp4\tp4\tp4\debug\tp4.tlog\link.read.1.tlog
c:\users\utilisateur\onedrive\documents\aut.2018\inf1010\gitteam\jonathan\tp4\tp4\tp4\debug\tp4.tlog\link.write.1.tlog
